2018-03-29 16:24:13,725 [Worker-3] INFO  c.g.t.t.d.PublishedGradleVersions - Gradle version information cache is up-to-date. Trying to read.
2018-03-30 12:02:15,066 [Worker-4] INFO  o.e.m.c.i.l.LifecycleMappingFactory - Using org.eclipse.m2e.jdt.JarLifecycleMapping lifecycle mapping for MavenProject: com.java8study.chapter01:FilteringApples:0.0.1-SNAPSHOT @ E:\JavaDevelopment\Java8InActionWorkspace\FilteringApples\pom.xml.
2018-03-30 12:02:15,825 [Worker-4] INFO  o.e.m.j.i.AbstractJavaProjectConfigurator - Adding source folder /FilteringApples/src/main/java
2018-03-30 12:02:15,827 [Worker-4] INFO  o.e.m.j.i.AbstractJavaProjectConfigurator - Adding resource folder /FilteringApples/src/main/resources
2018-03-30 12:02:15,827 [Worker-4] INFO  o.e.m.j.i.AbstractJavaProjectConfigurator - Adding source folder /FilteringApples/src/test/java
2018-03-30 12:02:15,828 [Worker-4] INFO  o.e.m.j.i.AbstractJavaProjectConfigurator - Adding resource folder /FilteringApples/src/test/resources
2018-03-30 12:02:18,361 [Worker-5] WARN  o.e.m.c.i.embedder.EclipseLogger - Using platform encoding (Cp1252 actually) to copy filtered resources, i.e. build is platform dependent!
2018-03-30 12:02:18,367 [Worker-5] INFO  o.e.m.c.i.embedder.EclipseLogger - Copying 0 resource
2018-03-30 12:02:18,370 [Worker-5] WARN  o.e.m.c.i.embedder.EclipseLogger - Using platform encoding (Cp1252 actually) to copy filtered resources, i.e. build is platform dependent!
2018-03-30 12:02:18,371 [Worker-5] INFO  o.e.m.c.i.embedder.EclipseLogger - Copying 0 resource
2018-03-30 12:04:16,046 [Worker-10] INFO  o.e.m.c.i.l.LifecycleMappingFactory - Using org.eclipse.m2e.jdt.JarLifecycleMapping lifecycle mapping for MavenProject: com.java8study.chapter01:FilteringApples:0.0.1-SNAPSHOT @ E:\JavaDevelopment\Java8InActionWorkspace\FilteringApples\pom.xml.
2018-03-30 12:04:16,325 [Worker-10] INFO  o.e.m.c.i.embedder.EclipseLogger - Using 'UTF-8' encoding to copy filtered resources.
2018-03-30 12:04:16,326 [Worker-10] INFO  o.e.m.c.i.embedder.EclipseLogger - Copying 0 resource
2018-03-30 12:04:16,328 [Worker-10] INFO  o.e.m.c.i.embedder.EclipseLogger - Using 'UTF-8' encoding to copy filtered resources.
2018-03-30 12:04:16,328 [Worker-10] INFO  o.e.m.c.i.embedder.EclipseLogger - Copying 0 resource
2018-03-30 12:06:02,626 [Worker-10] INFO  o.e.m.c.i.embedder.EclipseLogger - Using 'UTF-8' encoding to copy filtered resources.
2018-03-30 12:06:02,626 [Worker-10] INFO  o.e.m.c.i.embedder.EclipseLogger - Copying 0 resource
2018-03-30 12:06:02,627 [Worker-10] INFO  o.e.m.c.i.embedder.EclipseLogger - Using 'UTF-8' encoding to copy filtered resources.
2018-03-30 12:06:02,627 [Worker-10] INFO  o.e.m.c.i.embedder.EclipseLogger - Copying 0 resource
2018-03-30 12:07:05,439 [Worker-16] INFO  o.e.m.c.i.embedder.EclipseLogger - Using 'UTF-8' encoding to copy filtered resources.
2018-03-30 12:07:05,443 [Worker-16] INFO  o.e.m.c.i.embedder.EclipseLogger - Copying 0 resource
2018-03-30 12:07:05,445 [Worker-16] INFO  o.e.m.c.i.embedder.EclipseLogger - Using 'UTF-8' encoding to copy filtered resources.
2018-03-30 12:07:05,445 [Worker-16] INFO  o.e.m.c.i.embedder.EclipseLogger - Copying 0 resource
2018-03-30 12:07:06,510 [Worker-13] INFO  o.e.m.c.i.embedder.EclipseLogger - Using 'UTF-8' encoding to copy filtered resources.
2018-03-30 12:07:06,510 [Worker-13] INFO  o.e.m.c.i.embedder.EclipseLogger - Copying 0 resource
2018-03-30 12:07:06,512 [Worker-13] INFO  o.e.m.c.i.embedder.EclipseLogger - Using 'UTF-8' encoding to copy filtered resources.
2018-03-30 12:07:06,512 [Worker-13] INFO  o.e.m.c.i.embedder.EclipseLogger - Copying 0 resource
2018-03-30 12:08:14,777 [Worker-23] INFO  o.e.m.c.i.embedder.EclipseLogger - Using 'UTF-8' encoding to copy filtered resources.
2018-03-30 12:08:14,778 [Worker-23] INFO  o.e.m.c.i.embedder.EclipseLogger - Copying 0 resource
2018-03-30 12:08:14,779 [Worker-23] INFO  o.e.m.c.i.embedder.EclipseLogger - Using 'UTF-8' encoding to copy filtered resources.
2018-03-30 12:08:14,779 [Worker-23] INFO  o.e.m.c.i.embedder.EclipseLogger - Copying 0 resource
2018-03-30 12:09:43,276 [Worker-4] INFO  o.e.m.c.i.embedder.EclipseLogger - Using 'UTF-8' encoding to copy filtered resources.
2018-03-30 12:09:43,276 [Worker-4] INFO  o.e.m.c.i.embedder.EclipseLogger - Copying 0 resource
2018-03-30 12:09:43,277 [Worker-4] INFO  o.e.m.c.i.embedder.EclipseLogger - Using 'UTF-8' encoding to copy filtered resources.
2018-03-30 12:09:43,277 [Worker-4] INFO  o.e.m.c.i.embedder.EclipseLogger - Copying 0 resource
2018-03-30 12:11:08,779 [main] INFO  o.e.m2e.actions.ExecutePomAction - Creating new launch configuration
2018-03-30 12:11:31,736 [Worker-26] INFO  o.e.m.i.launch.MavenLaunchDelegate - E:\JavaDevelopment\Java8InActionWorkspace\FilteringApples
2018-03-30 12:11:31,737 [Worker-26] INFO  o.e.m.i.launch.MavenLaunchDelegate -  mvn -B clean package
2018-03-30 12:14:52,902 [ModalContext] INFO  o.e.m.c.i.e.AbstractTransferListenerAdapter - Downloading https://repo.maven.apache.org/maven2/org/apache/maven/plugins/maven-compiler-plugin/3.7.0/maven-compiler-plugin-3.7.0.pom
2018-03-30 12:14:53,008 [ModalContext] INFO  o.e.m.c.i.e.AbstractTransferListenerAdapter - Downloaded https://repo.maven.apache.org/maven2/org/apache/maven/plugins/maven-compiler-plugin/3.7.0/maven-compiler-plugin-3.7.0.pom
2018-03-30 12:14:53,054 [ModalContext] INFO  o.e.m.c.i.e.AbstractTransferListenerAdapter - Downloading https://repo.maven.apache.org/maven2/org/apache/maven/plugins/maven-compiler-plugin/3.7.0/maven-compiler-plugin-3.7.0.jar
2018-03-30 12:14:53,091 [ModalContext] INFO  o.e.m.c.i.e.AbstractTransferListenerAdapter - Downloaded https://repo.maven.apache.org/maven2/org/apache/maven/plugins/maven-compiler-plugin/3.7.0/maven-compiler-plugin-3.7.0.jar
2018-03-30 12:14:53,550 [ModalContext] INFO  o.e.m.c.i.e.AbstractTransferListenerAdapter - Downloading https://repo.maven.apache.org/maven2/org/apache/maven/shared/maven-shared-utils/3.1.0/maven-shared-utils-3.1.0.pom
2018-03-30 12:14:53,569 [ModalContext] INFO  o.e.m.c.i.e.AbstractTransferListenerAdapter - Downloaded https://repo.maven.apache.org/maven2/org/apache/maven/shared/maven-shared-utils/3.1.0/maven-shared-utils-3.1.0.pom
2018-03-30 12:14:53,736 [ModalContext] INFO  o.e.m.c.i.e.AbstractTransferListenerAdapter - Downloading https://repo.maven.apache.org/maven2/org/codehaus/plexus/plexus-java/0.9.2/plexus-java-0.9.2.pom
2018-03-30 12:14:53,754 [ModalContext] INFO  o.e.m.c.i.e.AbstractTransferListenerAdapter - Downloaded https://repo.maven.apache.org/maven2/org/codehaus/plexus/plexus-java/0.9.2/plexus-java-0.9.2.pom
2018-03-30 12:14:53,774 [ModalContext] INFO  o.e.m.c.i.e.AbstractTransferListenerAdapter - Downloading https://repo.maven.apache.org/maven2/org/codehaus/plexus/plexus-languages/0.9.2/plexus-languages-0.9.2.pom
2018-03-30 12:14:53,792 [ModalContext] INFO  o.e.m.c.i.e.AbstractTransferListenerAdapter - Downloaded https://repo.maven.apache.org/maven2/org/codehaus/plexus/plexus-languages/0.9.2/plexus-languages-0.9.2.pom
2018-03-30 12:14:53,817 [ModalContext] INFO  o.e.m.c.i.e.AbstractTransferListenerAdapter - Downloading https://repo.maven.apache.org/maven2/org/ow2/asm/asm/6.0_BETA/asm-6.0_BETA.pom
2018-03-30 12:14:53,837 [ModalContext] INFO  o.e.m.c.i.e.AbstractTransferListenerAdapter - Downloaded https://repo.maven.apache.org/maven2/org/ow2/asm/asm/6.0_BETA/asm-6.0_BETA.pom
2018-03-30 12:14:53,858 [ModalContext] INFO  o.e.m.c.i.e.AbstractTransferListenerAdapter - Downloading https://repo.maven.apache.org/maven2/org/ow2/asm/asm-parent/6.0_BETA/asm-parent-6.0_BETA.pom
2018-03-30 12:14:53,876 [ModalContext] INFO  o.e.m.c.i.e.AbstractTransferListenerAdapter - Downloaded https://repo.maven.apache.org/maven2/org/ow2/asm/asm-parent/6.0_BETA/asm-parent-6.0_BETA.pom
2018-03-30 12:14:53,900 [ModalContext] INFO  o.e.m.c.i.e.AbstractTransferListenerAdapter - Downloading https://repo.maven.apache.org/maven2/com/thoughtworks/qdox/qdox/2.0-M7/qdox-2.0-M7.pom
2018-03-30 12:14:53,919 [ModalContext] INFO  o.e.m.c.i.e.AbstractTransferListenerAdapter - Downloaded https://repo.maven.apache.org/maven2/com/thoughtworks/qdox/qdox/2.0-M7/qdox-2.0-M7.pom
2018-03-30 12:14:53,940 [ModalContext] INFO  o.e.m.c.i.e.AbstractTransferListenerAdapter - Downloading https://repo.maven.apache.org/maven2/org/codehaus/plexus/plexus-compiler-api/2.8.2/plexus-compiler-api-2.8.2.pom
2018-03-30 12:14:53,956 [ModalContext] INFO  o.e.m.c.i.e.AbstractTransferListenerAdapter - Downloaded https://repo.maven.apache.org/maven2/org/codehaus/plexus/plexus-compiler-api/2.8.2/plexus-compiler-api-2.8.2.pom
2018-03-30 12:14:53,973 [ModalContext] INFO  o.e.m.c.i.e.AbstractTransferListenerAdapter - Downloading https://repo.maven.apache.org/maven2/org/codehaus/plexus/plexus-compiler/2.8.2/plexus-compiler-2.8.2.pom
2018-03-30 12:14:53,991 [ModalContext] INFO  o.e.m.c.i.e.AbstractTransferListenerAdapter - Downloaded https://repo.maven.apache.org/maven2/org/codehaus/plexus/plexus-compiler/2.8.2/plexus-compiler-2.8.2.pom
2018-03-30 12:14:54,018 [ModalContext] INFO  o.e.m.c.i.e.AbstractTransferListenerAdapter - Downloading https://repo.maven.apache.org/maven2/org/codehaus/plexus/plexus-compiler-manager/2.8.2/plexus-compiler-manager-2.8.2.pom
2018-03-30 12:14:54,035 [ModalContext] INFO  o.e.m.c.i.e.AbstractTransferListenerAdapter - Downloaded https://repo.maven.apache.org/maven2/org/codehaus/plexus/plexus-compiler-manager/2.8.2/plexus-compiler-manager-2.8.2.pom
2018-03-30 12:14:54,057 [ModalContext] INFO  o.e.m.c.i.e.AbstractTransferListenerAdapter - Downloading https://repo.maven.apache.org/maven2/org/codehaus/plexus/plexus-compiler-javac/2.8.2/plexus-compiler-javac-2.8.2.pom
2018-03-30 12:14:54,072 [ModalContext] INFO  o.e.m.c.i.e.AbstractTransferListenerAdapter - Downloaded https://repo.maven.apache.org/maven2/org/codehaus/plexus/plexus-compiler-javac/2.8.2/plexus-compiler-javac-2.8.2.pom
2018-03-30 12:14:54,090 [ModalContext] INFO  o.e.m.c.i.e.AbstractTransferListenerAdapter - Downloading https://repo.maven.apache.org/maven2/org/codehaus/plexus/plexus-compilers/2.8.2/plexus-compilers-2.8.2.pom
2018-03-30 12:14:54,108 [ModalContext] INFO  o.e.m.c.i.e.AbstractTransferListenerAdapter - Downloaded https://repo.maven.apache.org/maven2/org/codehaus/plexus/plexus-compilers/2.8.2/plexus-compilers-2.8.2.pom
2018-03-30 12:14:54,165 [ModalContext] INFO  o.e.m.c.i.e.AbstractTransferListenerAdapter - Downloading https://repo.maven.apache.org/maven2/org/apache/maven/shared/maven-shared-utils/3.1.0/maven-shared-utils-3.1.0.jar
2018-03-30 12:14:54,206 [ModalContext] INFO  o.e.m.c.i.e.AbstractTransferListenerAdapter - Downloaded https://repo.maven.apache.org/maven2/org/apache/maven/shared/maven-shared-utils/3.1.0/maven-shared-utils-3.1.0.jar
2018-03-30 12:14:54,219 [ModalContext] INFO  o.e.m.c.i.e.AbstractTransferListenerAdapter - Downloading https://repo.maven.apache.org/maven2/org/codehaus/plexus/plexus-java/0.9.2/plexus-java-0.9.2.jar
2018-03-30 12:14:54,237 [ModalContext] INFO  o.e.m.c.i.e.AbstractTransferListenerAdapter - Downloaded https://repo.maven.apache.org/maven2/org/codehaus/plexus/plexus-java/0.9.2/plexus-java-0.9.2.jar
2018-03-30 12:14:54,249 [ModalContext] INFO  o.e.m.c.i.e.AbstractTransferListenerAdapter - Downloading https://repo.maven.apache.org/maven2/org/ow2/asm/asm/6.0_BETA/asm-6.0_BETA.jar
2018-03-30 12:14:54,269 [ModalContext] INFO  o.e.m.c.i.e.AbstractTransferListenerAdapter - Downloaded https://repo.maven.apache.org/maven2/org/ow2/asm/asm/6.0_BETA/asm-6.0_BETA.jar
2018-03-30 12:14:54,284 [ModalContext] INFO  o.e.m.c.i.e.AbstractTransferListenerAdapter - Downloading https://repo.maven.apache.org/maven2/com/thoughtworks/qdox/qdox/2.0-M7/qdox-2.0-M7.jar
2018-03-30 12:14:54,318 [ModalContext] INFO  o.e.m.c.i.e.AbstractTransferListenerAdapter - Downloaded https://repo.maven.apache.org/maven2/com/thoughtworks/qdox/qdox/2.0-M7/qdox-2.0-M7.jar
2018-03-30 12:14:54,332 [ModalContext] INFO  o.e.m.c.i.e.AbstractTransferListenerAdapter - Downloading https://repo.maven.apache.org/maven2/org/codehaus/plexus/plexus-compiler-api/2.8.2/plexus-compiler-api-2.8.2.jar
2018-03-30 12:14:54,351 [ModalContext] INFO  o.e.m.c.i.e.AbstractTransferListenerAdapter - Downloaded https://repo.maven.apache.org/maven2/org/codehaus/plexus/plexus-compiler-api/2.8.2/plexus-compiler-api-2.8.2.jar
2018-03-30 12:14:54,363 [ModalContext] INFO  o.e.m.c.i.e.AbstractTransferListenerAdapter - Downloading https://repo.maven.apache.org/maven2/org/codehaus/plexus/plexus-compiler-manager/2.8.2/plexus-compiler-manager-2.8.2.jar
2018-03-30 12:14:54,381 [ModalContext] INFO  o.e.m.c.i.e.AbstractTransferListenerAdapter - Downloaded https://repo.maven.apache.org/maven2/org/codehaus/plexus/plexus-compiler-manager/2.8.2/plexus-compiler-manager-2.8.2.jar
2018-03-30 12:14:54,394 [ModalContext] INFO  o.e.m.c.i.e.AbstractTransferListenerAdapter - Downloading https://repo.maven.apache.org/maven2/org/codehaus/plexus/plexus-compiler-javac/2.8.2/plexus-compiler-javac-2.8.2.jar
2018-03-30 12:14:54,412 [ModalContext] INFO  o.e.m.c.i.e.AbstractTransferListenerAdapter - Downloaded https://repo.maven.apache.org/maven2/org/codehaus/plexus/plexus-compiler-javac/2.8.2/plexus-compiler-javac-2.8.2.jar
2018-03-30 12:15:14,285 [Worker-16] INFO  o.e.m.c.i.l.LifecycleMappingFactory - Using org.eclipse.m2e.jdt.JarLifecycleMapping lifecycle mapping for MavenProject: com.java8study.chapter01:FilteringApples:0.0.1-SNAPSHOT @ E:\JavaDevelopment\Java8InActionWorkspace\FilteringApples\pom.xml.
2018-03-30 12:15:14,624 [Worker-16] INFO  o.e.m.c.i.embedder.EclipseLogger - Using 'UTF-8' encoding to copy filtered resources.
2018-03-30 12:15:14,626 [Worker-16] INFO  o.e.m.c.i.embedder.EclipseLogger - Copying 0 resource
2018-03-30 12:15:14,629 [Worker-16] INFO  o.e.m.c.i.embedder.EclipseLogger - Using 'UTF-8' encoding to copy filtered resources.
2018-03-30 12:15:14,630 [Worker-16] INFO  o.e.m.c.i.embedder.EclipseLogger - Copying 0 resource
2018-03-30 12:15:30,074 [Worker-26] INFO  o.e.m.i.launch.MavenLaunchDelegate - E:\JavaDevelopment\Java8InActionWorkspace\FilteringApples
2018-03-30 12:15:30,074 [Worker-26] INFO  o.e.m.i.launch.MavenLaunchDelegate -  mvn -B clean package
2018-03-30 12:18:18,865 [Worker-13] INFO  o.e.m.c.i.embedder.EclipseLogger - Using 'UTF-8' encoding to copy filtered resources.
2018-03-30 12:18:18,865 [Worker-13] INFO  o.e.m.c.i.embedder.EclipseLogger - Copying 0 resource
2018-03-30 12:18:18,867 [Worker-13] INFO  o.e.m.c.i.embedder.EclipseLogger - Using 'UTF-8' encoding to copy filtered resources.
2018-03-30 12:18:18,867 [Worker-13] INFO  o.e.m.c.i.embedder.EclipseLogger - Copying 0 resource
2018-03-30 12:18:19,932 [Worker-25] INFO  o.e.m.c.i.embedder.EclipseLogger - Using 'UTF-8' encoding to copy filtered resources.
2018-03-30 12:18:19,933 [Worker-25] INFO  o.e.m.c.i.embedder.EclipseLogger - Copying 0 resource
2018-03-30 12:18:19,934 [Worker-25] INFO  o.e.m.c.i.embedder.EclipseLogger - Using 'UTF-8' encoding to copy filtered resources.
2018-03-30 12:18:19,934 [Worker-25] INFO  o.e.m.c.i.embedder.EclipseLogger - Copying 0 resource
2018-03-30 12:19:20,301 [Worker-16] INFO  o.e.m.c.i.embedder.EclipseLogger - Using 'UTF-8' encoding to copy filtered resources.
2018-03-30 12:19:20,302 [Worker-16] INFO  o.e.m.c.i.embedder.EclipseLogger - Copying 0 resource
2018-03-30 12:19:20,303 [Worker-16] INFO  o.e.m.c.i.embedder.EclipseLogger - Using 'UTF-8' encoding to copy filtered resources.
2018-03-30 12:19:20,303 [Worker-16] INFO  o.e.m.c.i.embedder.EclipseLogger - Copying 0 resource
2018-03-30 12:19:24,825 [Worker-25] INFO  o.e.m.c.i.embedder.EclipseLogger - Using 'UTF-8' encoding to copy filtered resources.
2018-03-30 12:19:24,825 [Worker-25] INFO  o.e.m.c.i.embedder.EclipseLogger - Copying 0 resource
2018-03-30 12:19:24,827 [Worker-25] INFO  o.e.m.c.i.embedder.EclipseLogger - Using 'UTF-8' encoding to copy filtered resources.
2018-03-30 12:19:24,827 [Worker-25] INFO  o.e.m.c.i.embedder.EclipseLogger - Copying 0 resource
2018-03-30 12:19:35,592 [Worker-26] INFO  o.e.m.i.launch.MavenLaunchDelegate - E:\JavaDevelopment\Java8InActionWorkspace\FilteringApples
2018-03-30 12:19:35,592 [Worker-26] INFO  o.e.m.i.launch.MavenLaunchDelegate -  mvn -B clean package
2018-03-30 12:20:53,966 [Worker-13] INFO  o.e.m.c.i.embedder.EclipseLogger - Using 'UTF-8' encoding to copy filtered resources.
2018-03-30 12:20:53,966 [Worker-13] INFO  o.e.m.c.i.embedder.EclipseLogger - Copying 0 resource
2018-03-30 12:20:53,968 [Worker-13] INFO  o.e.m.c.i.embedder.EclipseLogger - Using 'UTF-8' encoding to copy filtered resources.
2018-03-30 12:20:53,968 [Worker-13] INFO  o.e.m.c.i.embedder.EclipseLogger - Copying 0 resource
2018-03-30 12:20:55,029 [Worker-25] INFO  o.e.m.c.i.embedder.EclipseLogger - Using 'UTF-8' encoding to copy filtered resources.
2018-03-30 12:20:55,029 [Worker-25] INFO  o.e.m.c.i.embedder.EclipseLogger - Copying 0 resource
2018-03-30 12:20:55,030 [Worker-25] INFO  o.e.m.c.i.embedder.EclipseLogger - Using 'UTF-8' encoding to copy filtered resources.
2018-03-30 12:20:55,031 [Worker-25] INFO  o.e.m.c.i.embedder.EclipseLogger - Copying 0 resource
2018-03-30 12:25:55,771 [Worker-26] INFO  o.e.m.c.i.embedder.EclipseLogger - Using 'UTF-8' encoding to copy filtered resources.
2018-03-30 12:25:55,772 [Worker-26] INFO  o.e.m.c.i.embedder.EclipseLogger - Copying 0 resource
2018-03-30 12:25:55,777 [Worker-26] INFO  o.e.m.c.i.embedder.EclipseLogger - Using 'UTF-8' encoding to copy filtered resources.
2018-03-30 12:25:55,777 [Worker-26] INFO  o.e.m.c.i.embedder.EclipseLogger - Copying 0 resource
2018-03-30 12:27:00,450 [Worker-25] INFO  o.e.m.c.i.embedder.EclipseLogger - Using 'UTF-8' encoding to copy filtered resources.
2018-03-30 12:27:00,450 [Worker-25] INFO  o.e.m.c.i.embedder.EclipseLogger - Copying 0 resource
2018-03-30 12:27:00,452 [Worker-25] INFO  o.e.m.c.i.embedder.EclipseLogger - Using 'UTF-8' encoding to copy filtered resources.
2018-03-30 12:27:00,452 [Worker-25] INFO  o.e.m.c.i.embedder.EclipseLogger - Copying 0 resource
2018-03-30 12:27:44,840 [Worker-26] INFO  o.e.m.c.i.embedder.EclipseLogger - Using 'UTF-8' encoding to copy filtered resources.
2018-03-30 12:27:44,840 [Worker-26] INFO  o.e.m.c.i.embedder.EclipseLogger - Copying 0 resource
2018-03-30 12:27:44,841 [Worker-26] INFO  o.e.m.c.i.embedder.EclipseLogger - Using 'UTF-8' encoding to copy filtered resources.
2018-03-30 12:27:44,842 [Worker-26] INFO  o.e.m.c.i.embedder.EclipseLogger - Copying 0 resource
2018-03-30 12:28:40,753 [Worker-24] INFO  o.e.m.c.i.embedder.EclipseLogger - Using 'UTF-8' encoding to copy filtered resources.
2018-03-30 12:28:40,753 [Worker-24] INFO  o.e.m.c.i.embedder.EclipseLogger - Copying 0 resource
2018-03-30 12:28:40,755 [Worker-24] INFO  o.e.m.c.i.embedder.EclipseLogger - Using 'UTF-8' encoding to copy filtered resources.
2018-03-30 12:28:40,755 [Worker-24] INFO  o.e.m.c.i.embedder.EclipseLogger - Copying 0 resource
2018-03-30 12:29:29,015 [Worker-10] INFO  o.e.m.c.i.embedder.EclipseLogger - Using 'UTF-8' encoding to copy filtered resources.
2018-03-30 12:29:29,016 [Worker-10] INFO  o.e.m.c.i.embedder.EclipseLogger - Copying 0 resource
2018-03-30 12:29:29,017 [Worker-10] INFO  o.e.m.c.i.embedder.EclipseLogger - Using 'UTF-8' encoding to copy filtered resources.
2018-03-30 12:29:29,017 [Worker-10] INFO  o.e.m.c.i.embedder.EclipseLogger - Copying 0 resource
2018-03-30 12:35:18,153 [Worker-10] INFO  o.e.m.c.i.embedder.EclipseLogger - Using 'UTF-8' encoding to copy filtered resources.
2018-03-30 12:35:18,154 [Worker-10] INFO  o.e.m.c.i.embedder.EclipseLogger - Copying 0 resource
2018-03-30 12:35:18,155 [Worker-10] INFO  o.e.m.c.i.embedder.EclipseLogger - Using 'UTF-8' encoding to copy filtered resources.
2018-03-30 12:35:18,155 [Worker-10] INFO  o.e.m.c.i.embedder.EclipseLogger - Copying 0 resource
2018-03-30 12:35:33,950 [Worker-8] INFO  o.e.m.i.launch.MavenLaunchDelegate - E:\JavaDevelopment\Java8InActionWorkspace\FilteringApples
2018-03-30 12:35:33,950 [Worker-8] INFO  o.e.m.i.launch.MavenLaunchDelegate -  mvn -B clean package
2018-03-30 12:39:09,051 [Worker-5] INFO  o.e.m.c.i.embedder.EclipseLogger - Using 'UTF-8' encoding to copy filtered resources.
2018-03-30 12:39:09,052 [Worker-5] INFO  o.e.m.c.i.embedder.EclipseLogger - Copying 0 resource
2018-03-30 12:39:09,053 [Worker-5] INFO  o.e.m.c.i.embedder.EclipseLogger - Using 'UTF-8' encoding to copy filtered resources.
2018-03-30 12:39:09,053 [Worker-5] INFO  o.e.m.c.i.embedder.EclipseLogger - Copying 0 resource
2018-03-30 12:39:10,111 [Worker-5] INFO  o.e.m.c.i.embedder.EclipseLogger - Using 'UTF-8' encoding to copy filtered resources.
2018-03-30 12:39:10,111 [Worker-5] INFO  o.e.m.c.i.embedder.EclipseLogger - Copying 0 resource
2018-03-30 12:39:10,112 [Worker-5] INFO  o.e.m.c.i.embedder.EclipseLogger - Using 'UTF-8' encoding to copy filtered resources.
2018-03-30 12:39:10,112 [Worker-5] INFO  o.e.m.c.i.embedder.EclipseLogger - Copying 0 resource
2018-03-30 16:23:31,282 [Worker-5] INFO  o.e.m.c.i.embedder.EclipseLogger - Using 'UTF-8' encoding to copy filtered resources.
2018-03-30 16:23:31,282 [Worker-5] INFO  o.e.m.c.i.embedder.EclipseLogger - Copying 0 resource
2018-03-30 16:23:31,283 [Worker-5] INFO  o.e.m.c.i.embedder.EclipseLogger - Using 'UTF-8' encoding to copy filtered resources.
2018-03-30 16:23:31,284 [Worker-5] INFO  o.e.m.c.i.embedder.EclipseLogger - Copying 0 resource
2018-03-30 16:24:25,556 [Worker-16] INFO  o.e.m.c.i.embedder.EclipseLogger - Using 'UTF-8' encoding to copy filtered resources.
2018-03-30 16:24:25,556 [Worker-16] INFO  o.e.m.c.i.embedder.EclipseLogger - Copying 0 resource
2018-03-30 16:24:25,557 [Worker-16] INFO  o.e.m.c.i.embedder.EclipseLogger - Using 'UTF-8' encoding to copy filtered resources.
2018-03-30 16:24:25,557 [Worker-16] INFO  o.e.m.c.i.embedder.EclipseLogger - Copying 0 resource
2018-03-30 16:27:00,977 [Worker-29] INFO  o.e.m.c.i.embedder.EclipseLogger - Using 'UTF-8' encoding to copy filtered resources.
2018-03-30 16:27:00,978 [Worker-29] INFO  o.e.m.c.i.embedder.EclipseLogger - Copying 0 resource
2018-03-30 16:27:00,979 [Worker-29] INFO  o.e.m.c.i.embedder.EclipseLogger - Using 'UTF-8' encoding to copy filtered resources.
2018-03-30 16:27:00,979 [Worker-29] INFO  o.e.m.c.i.embedder.EclipseLogger - Copying 0 resource
2018-03-30 16:27:23,161 [Worker-24] INFO  o.e.m.c.i.embedder.EclipseLogger - Using 'UTF-8' encoding to copy filtered resources.
2018-03-30 16:27:23,162 [Worker-24] INFO  o.e.m.c.i.embedder.EclipseLogger - Copying 0 resource
2018-03-30 16:27:23,164 [Worker-24] INFO  o.e.m.c.i.embedder.EclipseLogger - Using 'UTF-8' encoding to copy filtered resources.
2018-03-30 16:27:23,164 [Worker-24] INFO  o.e.m.c.i.embedder.EclipseLogger - Copying 0 resource
2018-03-30 16:27:55,963 [Worker-28] INFO  o.e.m.i.launch.MavenLaunchDelegate - E:\JavaDevelopment\Java8InActionWorkspace\FilteringApples
2018-03-30 16:27:55,963 [Worker-28] INFO  o.e.m.i.launch.MavenLaunchDelegate -  mvn -B clean package
2018-03-30 16:30:11,815 [Worker-4] INFO  o.e.m.c.i.embedder.EclipseLogger - Using 'UTF-8' encoding to copy filtered resources.
2018-03-30 16:30:11,815 [Worker-4] INFO  o.e.m.c.i.embedder.EclipseLogger - Copying 0 resource
2018-03-30 16:30:11,816 [Worker-4] INFO  o.e.m.c.i.embedder.EclipseLogger - Using 'UTF-8' encoding to copy filtered resources.
2018-03-30 16:30:11,816 [Worker-4] INFO  o.e.m.c.i.embedder.EclipseLogger - Copying 0 resource
2018-03-30 16:30:12,832 [Worker-28] INFO  o.e.m.c.i.embedder.EclipseLogger - Using 'UTF-8' encoding to copy filtered resources.
2018-03-30 16:30:12,832 [Worker-28] INFO  o.e.m.c.i.embedder.EclipseLogger - Copying 0 resource
2018-03-30 16:30:12,833 [Worker-28] INFO  o.e.m.c.i.embedder.EclipseLogger - Using 'UTF-8' encoding to copy filtered resources.
2018-03-30 16:30:12,833 [Worker-28] INFO  o.e.m.c.i.embedder.EclipseLogger - Copying 0 resource
2018-03-30 16:31:10,987 [Worker-24] INFO  o.e.m.c.i.embedder.EclipseLogger - Using 'UTF-8' encoding to copy filtered resources.
2018-03-30 16:31:10,988 [Worker-24] INFO  o.e.m.c.i.embedder.EclipseLogger - Copying 0 resource
2018-03-30 16:31:10,989 [Worker-24] INFO  o.e.m.c.i.embedder.EclipseLogger - Using 'UTF-8' encoding to copy filtered resources.
2018-03-30 16:31:10,989 [Worker-24] INFO  o.e.m.c.i.embedder.EclipseLogger - Copying 0 resource
2018-03-30 16:33:15,434 [Worker-24] INFO  o.e.m.c.i.embedder.EclipseLogger - Using 'UTF-8' encoding to copy filtered resources.
2018-03-30 16:33:15,435 [Worker-24] INFO  o.e.m.c.i.embedder.EclipseLogger - Copying 0 resource
2018-03-30 16:33:15,437 [Worker-24] INFO  o.e.m.c.i.embedder.EclipseLogger - Using 'UTF-8' encoding to copy filtered resources.
2018-03-30 16:33:15,438 [Worker-24] INFO  o.e.m.c.i.embedder.EclipseLogger - Copying 0 resource
2018-03-30 16:33:49,091 [Worker-4] INFO  o.e.m.c.i.embedder.EclipseLogger - Using 'UTF-8' encoding to copy filtered resources.
2018-03-30 16:33:49,092 [Worker-4] INFO  o.e.m.c.i.embedder.EclipseLogger - Copying 0 resource
2018-03-30 16:33:49,093 [Worker-4] INFO  o.e.m.c.i.embedder.EclipseLogger - Using 'UTF-8' encoding to copy filtered resources.
2018-03-30 16:33:49,093 [Worker-4] INFO  o.e.m.c.i.embedder.EclipseLogger - Copying 0 resource
2018-03-30 16:45:04,325 [Worker-29] INFO  o.e.m.c.i.embedder.EclipseLogger - Using 'UTF-8' encoding to copy filtered resources.
2018-03-30 16:45:04,326 [Worker-29] INFO  o.e.m.c.i.embedder.EclipseLogger - Copying 0 resource
2018-03-30 16:45:04,327 [Worker-29] INFO  o.e.m.c.i.embedder.EclipseLogger - Using 'UTF-8' encoding to copy filtered resources.
2018-03-30 16:45:04,328 [Worker-29] INFO  o.e.m.c.i.embedder.EclipseLogger - Copying 0 resource
2018-03-30 16:45:37,876 [Worker-29] INFO  o.e.m.c.i.embedder.EclipseLogger - Using 'UTF-8' encoding to copy filtered resources.
2018-03-30 16:45:37,876 [Worker-29] INFO  o.e.m.c.i.embedder.EclipseLogger - Copying 0 resource
2018-03-30 16:45:37,878 [Worker-29] INFO  o.e.m.c.i.embedder.EclipseLogger - Using 'UTF-8' encoding to copy filtered resources.
2018-03-30 16:45:37,878 [Worker-29] INFO  o.e.m.c.i.embedder.EclipseLogger - Copying 0 resource
2018-03-30 16:45:51,146 [Worker-8] INFO  o.e.m.c.i.embedder.EclipseLogger - Using 'UTF-8' encoding to copy filtered resources.
2018-03-30 16:45:51,147 [Worker-8] INFO  o.e.m.c.i.embedder.EclipseLogger - Copying 0 resource
2018-03-30 16:45:51,148 [Worker-8] INFO  o.e.m.c.i.embedder.EclipseLogger - Using 'UTF-8' encoding to copy filtered resources.
2018-03-30 16:45:51,148 [Worker-8] INFO  o.e.m.c.i.embedder.EclipseLogger - Copying 0 resource
2018-03-30 16:58:07,526 [Worker-8] INFO  o.e.m.c.i.embedder.EclipseLogger - Using 'UTF-8' encoding to copy filtered resources.
2018-03-30 16:58:07,527 [Worker-8] INFO  o.e.m.c.i.embedder.EclipseLogger - Copying 0 resource
2018-03-30 16:58:07,527 [Worker-8] INFO  o.e.m.c.i.embedder.EclipseLogger - Using 'UTF-8' encoding to copy filtered resources.
2018-03-30 16:58:07,528 [Worker-8] INFO  o.e.m.c.i.embedder.EclipseLogger - Copying 0 resource
2018-03-30 17:09:53,456 [Worker-16] INFO  o.e.m.c.i.embedder.EclipseLogger - Using 'UTF-8' encoding to copy filtered resources.
2018-03-30 17:09:53,457 [Worker-16] INFO  o.e.m.c.i.embedder.EclipseLogger - Copying 0 resource
2018-03-30 17:09:53,458 [Worker-16] INFO  o.e.m.c.i.embedder.EclipseLogger - Using 'UTF-8' encoding to copy filtered resources.
2018-03-30 17:09:53,458 [Worker-16] INFO  o.e.m.c.i.embedder.EclipseLogger - Copying 0 resource
2018-03-30 17:10:17,301 [Worker-26] INFO  o.e.m.c.i.embedder.EclipseLogger - Using 'UTF-8' encoding to copy filtered resources.
2018-03-30 17:10:17,301 [Worker-26] INFO  o.e.m.c.i.embedder.EclipseLogger - Copying 0 resource
2018-03-30 17:10:17,303 [Worker-26] INFO  o.e.m.c.i.embedder.EclipseLogger - Using 'UTF-8' encoding to copy filtered resources.
2018-03-30 17:10:17,303 [Worker-26] INFO  o.e.m.c.i.embedder.EclipseLogger - Copying 0 resource
2018-03-30 17:11:22,314 [Worker-5] INFO  o.e.m.c.i.embedder.EclipseLogger - Using 'UTF-8' encoding to copy filtered resources.
2018-03-30 17:11:22,314 [Worker-5] INFO  o.e.m.c.i.embedder.EclipseLogger - Copying 0 resource
2018-03-30 17:11:22,316 [Worker-5] INFO  o.e.m.c.i.embedder.EclipseLogger - Using 'UTF-8' encoding to copy filtered resources.
2018-03-30 17:11:22,316 [Worker-5] INFO  o.e.m.c.i.embedder.EclipseLogger - Copying 0 resource
2018-03-30 17:12:57,641 [Worker-4] INFO  o.e.m.c.i.embedder.EclipseLogger - Using 'UTF-8' encoding to copy filtered resources.
2018-03-30 17:12:57,641 [Worker-4] INFO  o.e.m.c.i.embedder.EclipseLogger - Copying 0 resource
2018-03-30 17:12:57,642 [Worker-4] INFO  o.e.m.c.i.embedder.EclipseLogger - Using 'UTF-8' encoding to copy filtered resources.
2018-03-30 17:12:57,642 [Worker-4] INFO  o.e.m.c.i.embedder.EclipseLogger - Copying 0 resource
2018-03-30 17:19:06,028 [Worker-29] INFO  o.e.m.c.i.embedder.EclipseLogger - Using 'UTF-8' encoding to copy filtered resources.
2018-03-30 17:19:06,029 [Worker-29] INFO  o.e.m.c.i.embedder.EclipseLogger - Copying 0 resource
2018-03-30 17:19:06,030 [Worker-29] INFO  o.e.m.c.i.embedder.EclipseLogger - Using 'UTF-8' encoding to copy filtered resources.
2018-03-30 17:19:06,030 [Worker-29] INFO  o.e.m.c.i.embedder.EclipseLogger - Copying 0 resource
2018-03-30 17:20:17,274 [Worker-13] INFO  o.e.m.c.i.embedder.EclipseLogger - Using 'UTF-8' encoding to copy filtered resources.
2018-03-30 17:20:17,275 [Worker-13] INFO  o.e.m.c.i.embedder.EclipseLogger - Copying 0 resource
2018-03-30 17:20:17,276 [Worker-13] INFO  o.e.m.c.i.embedder.EclipseLogger - Using 'UTF-8' encoding to copy filtered resources.
2018-03-30 17:20:17,277 [Worker-13] INFO  o.e.m.c.i.embedder.EclipseLogger - Copying 0 resource
2018-03-30 17:26:06,059 [Worker-10] INFO  o.e.m.c.i.embedder.EclipseLogger - Using 'UTF-8' encoding to copy filtered resources.
2018-03-30 17:26:06,059 [Worker-10] INFO  o.e.m.c.i.embedder.EclipseLogger - Copying 0 resource
2018-03-30 17:26:06,060 [Worker-10] INFO  o.e.m.c.i.embedder.EclipseLogger - Using 'UTF-8' encoding to copy filtered resources.
2018-03-30 17:26:06,060 [Worker-10] INFO  o.e.m.c.i.embedder.EclipseLogger - Copying 0 resource
2018-03-30 17:28:40,794 [Worker-27] INFO  o.e.m.c.i.embedder.EclipseLogger - Using 'UTF-8' encoding to copy filtered resources.
2018-03-30 17:28:40,794 [Worker-27] INFO  o.e.m.c.i.embedder.EclipseLogger - Copying 0 resource
2018-03-30 17:28:40,795 [Worker-27] INFO  o.e.m.c.i.embedder.EclipseLogger - Using 'UTF-8' encoding to copy filtered resources.
2018-03-30 17:28:40,796 [Worker-27] INFO  o.e.m.c.i.embedder.EclipseLogger - Copying 0 resource
2018-03-30 18:31:22,746 [Worker-5] INFO  o.e.m.c.i.embedder.EclipseLogger - Using 'UTF-8' encoding to copy filtered resources.
2018-03-30 18:31:22,747 [Worker-5] INFO  o.e.m.c.i.embedder.EclipseLogger - Copying 0 resource
2018-03-30 18:31:22,748 [Worker-5] INFO  o.e.m.c.i.embedder.EclipseLogger - Using 'UTF-8' encoding to copy filtered resources.
2018-03-30 18:31:22,748 [Worker-5] INFO  o.e.m.c.i.embedder.EclipseLogger - Copying 0 resource
2018-03-30 18:32:51,843 [Worker-28] INFO  o.e.m.c.i.embedder.EclipseLogger - Using 'UTF-8' encoding to copy filtered resources.
2018-03-30 18:32:51,844 [Worker-28] INFO  o.e.m.c.i.embedder.EclipseLogger - Copying 0 resource
2018-03-30 18:32:51,845 [Worker-28] INFO  o.e.m.c.i.embedder.EclipseLogger - Using 'UTF-8' encoding to copy filtered resources.
2018-03-30 18:32:51,845 [Worker-28] INFO  o.e.m.c.i.embedder.EclipseLogger - Copying 0 resource
2018-03-30 18:33:20,402 [Worker-8] INFO  o.e.m.c.i.embedder.EclipseLogger - Using 'UTF-8' encoding to copy filtered resources.
2018-03-30 18:33:20,402 [Worker-8] INFO  o.e.m.c.i.embedder.EclipseLogger - Copying 0 resource
2018-03-30 18:33:20,403 [Worker-8] INFO  o.e.m.c.i.embedder.EclipseLogger - Using 'UTF-8' encoding to copy filtered resources.
2018-03-30 18:33:20,403 [Worker-8] INFO  o.e.m.c.i.embedder.EclipseLogger - Copying 0 resource
2018-03-30 18:33:27,073 [Worker-5] INFO  o.e.m.c.i.embedder.EclipseLogger - Using 'UTF-8' encoding to copy filtered resources.
2018-03-30 18:33:27,073 [Worker-5] INFO  o.e.m.c.i.embedder.EclipseLogger - Copying 0 resource
2018-03-30 18:33:27,074 [Worker-5] INFO  o.e.m.c.i.embedder.EclipseLogger - Using 'UTF-8' encoding to copy filtered resources.
2018-03-30 18:33:27,074 [Worker-5] INFO  o.e.m.c.i.embedder.EclipseLogger - Copying 0 resource
2018-03-30 18:35:31,927 [Worker-5] INFO  o.e.m.c.i.embedder.EclipseLogger - Using 'UTF-8' encoding to copy filtered resources.
2018-03-30 18:35:31,927 [Worker-5] INFO  o.e.m.c.i.embedder.EclipseLogger - Copying 0 resource
2018-03-30 18:35:31,928 [Worker-5] INFO  o.e.m.c.i.embedder.EclipseLogger - Using 'UTF-8' encoding to copy filtered resources.
2018-03-30 18:35:31,929 [Worker-5] INFO  o.e.m.c.i.embedder.EclipseLogger - Copying 0 resource
2018-03-30 18:36:00,297 [Worker-24] INFO  o.e.m.c.i.embedder.EclipseLogger - Using 'UTF-8' encoding to copy filtered resources.
2018-03-30 18:36:00,297 [Worker-24] INFO  o.e.m.c.i.embedder.EclipseLogger - Copying 0 resource
2018-03-30 18:36:00,299 [Worker-24] INFO  o.e.m.c.i.embedder.EclipseLogger - Using 'UTF-8' encoding to copy filtered resources.
2018-03-30 18:36:00,299 [Worker-24] INFO  o.e.m.c.i.embedder.EclipseLogger - Copying 0 resource
2018-03-30 18:39:35,769 [Worker-8] INFO  o.e.m.c.i.embedder.EclipseLogger - Using 'UTF-8' encoding to copy filtered resources.
2018-03-30 18:39:35,769 [Worker-8] INFO  o.e.m.c.i.embedder.EclipseLogger - Copying 0 resource
2018-03-30 18:39:35,770 [Worker-8] INFO  o.e.m.c.i.embedder.EclipseLogger - Using 'UTF-8' encoding to copy filtered resources.
2018-03-30 18:39:35,770 [Worker-8] INFO  o.e.m.c.i.embedder.EclipseLogger - Copying 0 resource
2018-03-30 18:40:08,830 [Worker-26] INFO  o.e.m.c.i.p.ProjectConfigurationManager - Update started
2018-03-30 18:40:09,310 [Worker-26] INFO  o.e.m.c.i.l.LifecycleMappingFactory - Using org.eclipse.m2e.jdt.JarLifecycleMapping lifecycle mapping for MavenProject: com.java8study.chapter01:FilteringApples:0.0.1-SNAPSHOT @ E:\JavaDevelopment\Java8InActionWorkspace\FilteringApples\pom.xml.
2018-03-30 18:40:09,840 [Worker-26] INFO  o.e.m.j.i.AbstractJavaProjectConfigurator - Adding source folder /FilteringApples/src
2018-03-30 18:40:09,840 [Worker-26] INFO  o.e.m.j.i.AbstractJavaProjectConfigurator - Resources folder /FilteringApples/src/main/resources overlaps with sources folder /FilteringApples/src/main/resources
2018-03-30 18:40:09,846 [Worker-26] INFO  o.e.m.j.i.AbstractJavaProjectConfigurator - Adding source folder /FilteringApples/src/test/java
2018-03-30 18:40:09,847 [Worker-26] INFO  o.e.m.j.i.AbstractJavaProjectConfigurator - Resources folder /FilteringApples/src/test/resources overlaps with sources folder /FilteringApples/src/test/resources
2018-03-30 18:40:09,856 [Worker-26] INFO  o.e.m.c.i.p.ProjectConfigurationManager - Update completed: 1 sec
2018-03-30 18:40:10,121 [Worker-5] INFO  o.e.m.c.i.embedder.EclipseLogger - Using 'UTF-8' encoding to copy filtered resources.
2018-03-30 18:40:10,123 [Worker-5] INFO  o.e.m.c.i.embedder.EclipseLogger - Copying 0 resource
2018-03-30 18:40:10,127 [Worker-5] INFO  o.e.m.c.i.embedder.EclipseLogger - Using 'UTF-8' encoding to copy filtered resources.
2018-03-30 18:40:10,127 [Worker-5] INFO  o.e.m.c.i.embedder.EclipseLogger - Copying 0 resource
2018-03-30 18:41:03,540 [Worker-4] INFO  o.e.m.c.i.p.ProjectConfigurationManager - Update started
2018-03-30 18:41:03,946 [Worker-4] INFO  o.e.m.c.i.l.LifecycleMappingFactory - Using org.eclipse.m2e.jdt.JarLifecycleMapping lifecycle mapping for MavenProject: com.java8study.chapter01:FilteringApples:0.0.1-SNAPSHOT @ E:\JavaDevelopment\Java8InActionWorkspace\FilteringApples\pom.xml.
2018-03-30 18:41:04,141 [Worker-4] INFO  o.e.m.j.i.AbstractJavaProjectConfigurator - Adding source folder /FilteringApples/src
2018-03-30 18:41:04,141 [Worker-4] INFO  o.e.m.j.i.AbstractJavaProjectConfigurator - Resources folder /FilteringApples/src/main/resources overlaps with sources folder /FilteringApples/src/main/resources
2018-03-30 18:41:04,142 [Worker-4] INFO  o.e.m.j.i.AbstractJavaProjectConfigurator - Adding source folder /FilteringApples/src/test/java
2018-03-30 18:41:04,142 [Worker-4] INFO  o.e.m.j.i.AbstractJavaProjectConfigurator - Resources folder /FilteringApples/src/test/resources overlaps with sources folder /FilteringApples/src/test/resources
2018-03-30 18:41:04,144 [Worker-4] INFO  o.e.m.c.i.p.ProjectConfigurationManager - Update completed: 0 sec
2018-03-30 18:41:04,360 [Worker-27] INFO  o.e.m.c.i.embedder.EclipseLogger - Using 'UTF-8' encoding to copy filtered resources.
2018-03-30 18:41:04,362 [Worker-27] INFO  o.e.m.c.i.embedder.EclipseLogger - Copying 0 resource
2018-03-30 18:41:04,364 [Worker-27] INFO  o.e.m.c.i.embedder.EclipseLogger - Using 'UTF-8' encoding to copy filtered resources.
2018-03-30 18:41:04,365 [Worker-27] INFO  o.e.m.c.i.embedder.EclipseLogger - Copying 0 resource
2018-03-30 18:43:23,428 [Worker-29] INFO  o.e.m.c.i.p.ProjectConfigurationManager - Update started
2018-03-30 18:43:23,768 [Worker-29] INFO  o.e.m.c.i.l.LifecycleMappingFactory - Using org.eclipse.m2e.jdt.JarLifecycleMapping lifecycle mapping for MavenProject: com.java8study.chapter01:FilteringApples:0.0.1-SNAPSHOT @ E:\JavaDevelopment\Java8InActionWorkspace\FilteringApples\pom.xml.
2018-03-30 18:43:23,922 [Worker-29] INFO  o.e.m.j.i.AbstractJavaProjectConfigurator - Adding source folder /FilteringApples/src
2018-03-30 18:43:23,922 [Worker-29] INFO  o.e.m.j.i.AbstractJavaProjectConfigurator - Resources folder /FilteringApples/src/main/resources overlaps with sources folder /FilteringApples/src/main/resources
2018-03-30 18:43:23,922 [Worker-29] INFO  o.e.m.j.i.AbstractJavaProjectConfigurator - Adding source folder /FilteringApples/src/test/java
2018-03-30 18:43:23,922 [Worker-29] INFO  o.e.m.j.i.AbstractJavaProjectConfigurator - Resources folder /FilteringApples/src/test/resources overlaps with sources folder /FilteringApples/src/test/resources
2018-03-30 18:43:23,924 [Worker-29] INFO  o.e.m.c.i.p.ProjectConfigurationManager - Update completed: 0 sec
2018-03-30 18:43:24,133 [Worker-23] INFO  o.e.m.c.i.embedder.EclipseLogger - Using 'UTF-8' encoding to copy filtered resources.
2018-03-30 18:43:24,135 [Worker-23] INFO  o.e.m.c.i.embedder.EclipseLogger - Copying 0 resource
2018-03-30 18:43:24,136 [Worker-23] INFO  o.e.m.c.i.embedder.EclipseLogger - Using 'UTF-8' encoding to copy filtered resources.
2018-03-30 18:43:24,137 [Worker-23] INFO  o.e.m.c.i.embedder.EclipseLogger - Copying 0 resource
2018-03-30 18:44:55,988 [Worker-4] INFO  o.e.m.c.i.embedder.EclipseLogger - Using 'UTF-8' encoding to copy filtered resources.
2018-03-30 18:44:55,989 [Worker-4] INFO  o.e.m.c.i.embedder.EclipseLogger - skip non existing resourceDirectory E:\JavaDevelopment\Java8InActionWorkspace\FilteringApples\src\main\resources
2018-03-30 18:44:55,990 [Worker-4] INFO  o.e.m.c.i.embedder.EclipseLogger - Using 'UTF-8' encoding to copy filtered resources.
2018-03-30 18:44:55,990 [Worker-4] INFO  o.e.m.c.i.embedder.EclipseLogger - Copying 0 resource
2018-03-30 18:44:57,045 [Worker-13] INFO  o.e.m.c.i.embedder.EclipseLogger - Using 'UTF-8' encoding to copy filtered resources.
2018-03-30 18:44:57,045 [Worker-13] INFO  o.e.m.c.i.embedder.EclipseLogger - skip non existing resourceDirectory E:\JavaDevelopment\Java8InActionWorkspace\FilteringApples\src\main\resources
2018-03-30 18:44:57,046 [Worker-13] INFO  o.e.m.c.i.embedder.EclipseLogger - Using 'UTF-8' encoding to copy filtered resources.
2018-03-30 18:44:57,046 [Worker-13] INFO  o.e.m.c.i.embedder.EclipseLogger - Copying 0 resource
2018-03-30 18:45:10,995 [Worker-24] INFO  o.e.m.c.i.p.ProjectConfigurationManager - Update started
2018-03-30 18:45:11,396 [Worker-24] INFO  o.e.m.c.i.l.LifecycleMappingFactory - Using org.eclipse.m2e.jdt.JarLifecycleMapping lifecycle mapping for MavenProject: com.java8study.chapter01:FilteringApples:0.0.1-SNAPSHOT @ E:\JavaDevelopment\Java8InActionWorkspace\FilteringApples\pom.xml.
2018-03-30 18:45:11,582 [Worker-24] INFO  o.e.m.j.i.AbstractJavaProjectConfigurator - Adding source folder /FilteringApples/src
2018-03-30 18:45:11,583 [Worker-24] INFO  o.e.m.j.i.AbstractJavaProjectConfigurator - Adding source folder /FilteringApples/src/test/java
2018-03-30 18:45:11,583 [Worker-24] INFO  o.e.m.j.i.AbstractJavaProjectConfigurator - Resources folder /FilteringApples/src/test/resources overlaps with sources folder /FilteringApples/src/test/resources
2018-03-30 18:45:11,585 [Worker-24] INFO  o.e.m.c.i.p.ProjectConfigurationManager - Update completed: 0 sec
2018-03-30 18:45:11,789 [Worker-29] INFO  o.e.m.c.i.embedder.EclipseLogger - Using 'UTF-8' encoding to copy filtered resources.
2018-03-30 18:45:11,790 [Worker-29] INFO  o.e.m.c.i.embedder.EclipseLogger - skip non existing resourceDirectory E:\JavaDevelopment\Java8InActionWorkspace\FilteringApples\src\main\resources
2018-03-30 18:45:11,791 [Worker-29] INFO  o.e.m.c.i.embedder.EclipseLogger - Using 'UTF-8' encoding to copy filtered resources.
2018-03-30 18:45:11,793 [Worker-29] INFO  o.e.m.c.i.embedder.EclipseLogger - Copying 0 resource
